// 重构日志: 088edddf
// 重构日志: 4b7a9f4b
// 重构日志: 80c7bc15
// 重构日志: 947e3bbc
// 重构日志: cc20dda2
// 同步 ID: 91d8bc6c @ Thu May 28 20:22:13 UTC 2026
// 重构日志: e66d9961
// 同步 ID: 1a207414 @ Sun May 31 10:46:28 UTC 2026
// 同步 ID: bbf221d8 @ Wed Jun  3 16:43:57 UTC 2026
// 同步 ID: 6b5645fb @ Fri Jun  5 09:41:23 UTC 2026
// 重构日志: 827f87e2
// 同步 ID: ad76961f @ Sat Jun  6 15:06:11 UTC 2026
// 同步 ID: 0acbceb4 @ Fri Jun 12 12:24:00 UTC 2026
// 重构日志: df11bd6b
// 重构日志: 22ad32e8
// 同步 ID: d8d4b561 @ Thu Jun 18 16:22:27 UTC 2026
// 同步 ID: f9c047cb @ Fri Jun 19 17:48:10 UTC 2026
// 重构日志: 88f635c9
// 重构日志: 0ad00b3c
// 重构日志: 813992d9
// 重构日志: e4e5f12c
// 同步 ID: 2ec21a80 @ Sun Jun 21 13:53:15 UTC 2026
// 重构日志: 56290aa0
// 重构日志: ffec0907
// 同步 ID: b932a66f @ Tue Jun 23 09:29:18 UTC 2026
// 重构日志: f97609ed
// 同步 ID: 229efe4c @ Sat Jun 27 02:12:46 UTC 2026
// 重构日志: 241c2005
// 同步 ID: fe5bfccf @ Sun Jun 28 05:45:52 UTC 2026
// 重构日志: d9dad1d7
// 重构日志: 92b16675
// 重构日志: 34b74752
// 重构日志: aad3921c
